<?xml version="1.0" encoding="UTF-8"?>
<testng-results ignored="0" total="6" passed="6" failed="0" skipped="0">
  <reporter-output>
  </reporter-output>
  <suite started-at="2025-10-19T00:46:56 ICT" name="Default suite" finished-at="2025-10-19T00:47:03 ICT" duration-ms="7127">
    <groups>
    </groups>
    <test started-at="2025-10-19T00:46:56 ICT" name="Default test" finished-at="2025-10-19T00:47:03 ICT" duration-ms="7127">
      <class name="tests.api.AccountApiTest">
        <test-method signature="testBillPay()[pri:0, instance:tests.api.AccountApiTest@1530c739]" started-at="2025-10-19T00:46:56 ICT" name="testBillPay" finished-at="2025-10-19T00:46:59 ICT" duration-ms="3264" status="PASS">
          <reporter-output>
          </reporter-output>
        </test-method> <!-- testBillPay -->
        <test-method signature="testDeposit()[pri:0, instance:tests.api.AccountApiTest@1530c739]" started-at="2025-10-19T00:46:59 ICT" name="testDeposit" finished-at="2025-10-19T00:47:00 ICT" duration-ms="849" status="PASS">
          <reporter-output>
          </reporter-output>
        </test-method> <!-- testDeposit -->
        <test-method signature="testGetAccountById()[pri:0, instance:tests.api.AccountApiTest@1530c739]" started-at="2025-10-19T00:47:00 ICT" name="testGetAccountById" finished-at="2025-10-19T00:47:00 ICT" duration-ms="399" status="PASS">
          <reporter-output>
          </reporter-output>
        </test-method> <!-- testGetAccountById -->
        <test-method signature="testGetCustomerAccounts()[pri:0, instance:tests.api.AccountApiTest@1530c739]" started-at="2025-10-19T00:47:00 ICT" name="testGetCustomerAccounts" finished-at="2025-10-19T00:47:01 ICT" duration-ms="847" status="PASS">
          <reporter-output>
          </reporter-output>
        </test-method> <!-- testGetCustomerAccounts -->
        <test-method signature="testTransfer()[pri:0, instance:tests.api.AccountApiTest@1530c739]" started-at="2025-10-19T00:47:01 ICT" name="testTransfer" finished-at="2025-10-19T00:47:02 ICT" duration-ms="869" status="PASS">
          <reporter-output>
          </reporter-output>
        </test-method> <!-- testTransfer -->
        <test-method signature="testWithdraw()[pri:0, instance:tests.api.AccountApiTest@1530c739]" started-at="2025-10-19T00:47:02 ICT" name="testWithdraw" finished-at="2025-10-19T00:47:03 ICT" duration-ms="835" status="PASS">
          <reporter-output>
          </reporter-output>
        </test-method> <!-- testWithdraw -->
      </class> <!-- tests.api.AccountApiTest -->
    </test> <!-- Default test -->
  </suite> <!-- Default suite -->
</testng-results>
